# JRE version: OpenJDK Runtime Environment (7.0_51-b31) (build 1.7.0_51-b31)
# Java VM: OpenJDK 64-Bit Server VM (24.51-b03 mixed mode linux-amd64 compressed oops)
Heap
 def new generation   total 235968K, used 77770K [0x00000000c0000000, 0x00000000d0000000, 0x00000000d0000000)
  eden space 209792K,  28% used [0x00000000c0000000, 0x00000000c3a874e8, 0x00000000ccce0000)
  from space 26176K,  68% used [0x00000000ccce0000, 0x00000000cde4b4b8, 0x00000000ce670000)
  to   space 26176K,   0% used [0x00000000ce670000, 0x00000000ce670000, 0x00000000d0000000)
 tenured generation   total 524288K, used 211997K [0x00000000d0000000, 0x00000000f0000000, 0x00000000f0000000)
   the space 524288K,  40% used [0x00000000d0000000, 0x00000000dcf07660, 0x00000000dcf07800, 0x00000000f0000000)
 compacting perm gen  total 111808K, used 111710K [0x00000000f0000000, 0x00000000f6d30000, 0x0000000100000000)
   the space 111808K,  99% used [0x00000000f0000000, 0x00000000f6d17910, 0x00000000f6d17a00, 0x00000000f6d30000)
GC Heap History (10 events):
Event: 23572.923 GC heap before
{Heap before GC invocations=264 (full 40):
 def new generation   total 235968K, used 216437K [0x00000000c0000000, 0x00000000d0000000, 0x00000000d0000000)
  eden space 209792K, 100% used [0x00000000c0000000, 0x00000000ccce0000, 0x00000000ccce0000)
  from space 26176K,  25% used [0x00000000ce670000, 0x00000000ceced7a8, 0x00000000d0000000)
  to   space 26176K,   0% used [0x00000000ccce0000, 0x00000000ccce0000, 0x00000000ce670000)
 tenured generation   total 524288K, used 211997K [0x00000000d0000000, 0x00000000f0000000, 0x00000000f0000000)
   the space 524288K,  40% used [0x00000000d0000000, 0x00000000dcf07660, 0x00000000dcf07800, 0x00000000f0000000)
 compacting perm gen  total 111808K, used 111627K [0x00000000f0000000, 0x00000000f6d30000, 0x0000000100000000)
   the space 111808K,  99% used [0x00000000f0000000, 0x00000000f6d02f28, 0x00000000f6d03000, 0x00000000f6d30000)
No shared spaces configured.
Event: 23573.238 GC heap after
Heap after GC invocations=265 (full 40):
 def new generation   total 235968K, used 9304K [0x00000000c0000000, 0x00000000d0000000, 0x00000000d0000000)
  eden space 209792K,   0% used [0x00000000c0000000, 0x00000000c0000000, 0x00000000ccce0000)
  from space 26176K,  35% used [0x00000000ccce0000, 0x00000000cd5f61e0, 0x00000000ce670000)
  to   space 26176K,   0% used [0x00000000ce670000, 0x00000000ce670000, 0x00000000d0000000)
 tenured generation   total 524288K, used 211997K [0x00000000d0000000, 0x00000000f0000000, 0x00000000f0000000)
   the space 524288K,  40% used [0x00000000d0000000, 0x00000000dcf07660, 0x00000000dcf07800, 0x00000000f0000000)
 compacting perm gen  total 111808K, used 111627K [0x00000000f0000000, 0x00000000f6d30000, 0x0000000100000000)
   the space 111808K,  99% used [0x00000000f0000000, 0x00000000f6d02f28, 0x00000000f6d03000, 0x00000000f6d30000)
No shared spaces configured.
}
Event: 23614.439 GC heap before
{Heap before GC invocations=265 (full 40):
 def new generation   total 235968K, used 219096K [0x00000000c0000000, 0x00000000d0000000, 0x00000000d0000000)
  eden space 209792K, 100% used [0x00000000c0000000, 0x00000000ccce0000, 0x00000000ccce0000)
  from space 26176K,  35% used [0x00000000ccce0000, 0x00000000cd5f61e0, 0x00000000ce670000)
  to   space 26176K,   0% used [0x00000000ce670000, 0x00000000ce670000, 0x00000000d0000000)
 tenured generation   total 524288K, used 211997K [0x00000000d0000000, 0x00000000f0000000, 0x00000000f0000000)
   the space 524288K,  40% used [0x00000000d0000000, 0x00000000dcf07660, 0x00000000dcf07800, 0x00000000f0000000)
 compacting perm gen  total 111808K, used 111666K [0x00000000f0000000, 0x00000000f6d30000, 0x0000000100000000)
   the space 111808K,  99% used [0x00000000f0000000, 0x00000000f6d0c9c8, 0x00000000f6d0ca00, 0x00000000f6d30000)
No shared spaces configured.
Event: 23615.845 GC heap after
Heap after GC invocations=266 (full 40):
 def new generation   total 235968K, used 10936K [0x00000000c0000000, 0x00000000d0000000, 0x00000000d0000000)
  eden space 209792K,   0% used [0x00000000c0000000, 0x00000000c0000000, 0x00000000ccce0000)
  from space 26176K,  41% used [0x00000000ce670000, 0x00000000cf11e368, 0x00000000d0000000)
  to   space 26176K,   0% used [0x00000000ccce0000, 0x00000000ccce0000, 0x00000000ce670000)
 tenured generation   total 524288K, used 211997K [0x00000000d0000000, 0x00000000f0000000, 0x00000000f0000000)
   the space 524288K,  40% used [0x00000000d0000000, 0x00000000dcf07660, 0x00000000dcf07800, 0x00000000f0000000)
 compacting perm gen  total 111808K, used 111666K [0x00000000f0000000, 0x00000000f6d30000, 0x0000000100000000)
   the space 111808K,  99% used [0x00000000f0000000, 0x00000000f6d0c9c8, 0x00000000f6d0ca00, 0x00000000f6d30000)
No shared spaces configured.
}
Event: 23655.234 GC heap before
{Heap before GC invocations=266 (full 40):
 def new generation   total 235968K, used 220728K [0x00000000c0000000, 0x00000000d0000000, 0x00000000d0000000)
  eden space 209792K, 100% used [0x00000000c0000000, 0x00000000ccce0000, 0x00000000ccce0000)
  from space 26176K,  41% used [0x00000000ce670000, 0x00000000cf11e368, 0x00000000d0000000)
  to   space 26176K,   0% used [0x00000000ccce0000, 0x00000000ccce0000, 0x00000000ce670000)
 tenured generation   total 524288K, used 211997K [0x00000000d0000000, 0x00000000f0000000, 0x00000000f0000000)
   the space 524288K,  40% used [0x00000000d0000000, 0x00000000dcf07660, 0x00000000dcf07800, 0x00000000f0000000)
 compacting perm gen  total 111808K, used 111707K [0x00000000f0000000, 0x00000000f6d30000, 0x0000000100000000)
   the space 111808K,  99% used [0x00000000f0000000, 0x00000000f6d16ca0, 0x00000000f6d16e00, 0x00000000f6d30000)
No shared spaces configured.
Event: 23655.548 GC heap after
Heap after GC invocations=267 (full 40):
 def new generation   total 235968K, used 10894K [0x00000000c0000000, 0x00000000d0000000, 0x00000000d0000000)
  eden space 209792K,   0% used [0x00000000c0000000, 0x00000000c0000000, 0x00000000ccce0000)
  from space 26176K,  41% used [0x00000000ccce0000, 0x00000000cd783890, 0x00000000ce670000)
  to   space 26176K,   0% used [0x00000000ce670000, 0x00000000ce670000, 0x00000000d0000000)
 tenured generation   total 524288K, used 211997K [0x00000000d0000000, 0x00000000f0000000, 0x00000000f0000000)
   the space 524288K,  40% used [0x00000000d0000000, 0x00000000dcf07660, 0x00000000dcf07800, 0x00000000f0000000)
 compacting perm gen  total 111808K, used 111707K [0x00000000f0000000, 0x00000000f6d30000, 0x0000000100000000)
   the space 111808K,  99% used [0x00000000f0000000, 0x00000000f6d16ca0, 0x00000000f6d16e00, 0x00000000f6d30000)
No shared spaces configured.
}
Event: 23656.869 GC heap before
{Heap before GC invocations=267 (full 40):
 def new generation   total 235968K, used 220239K [0x00000000c0000000, 0x00000000d0000000, 0x00000000d0000000)
  eden space 209792K,  99% used [0x00000000c0000000, 0x00000000ccc703d8, 0x00000000ccce0000)
  from space 26176K,  41% used [0x00000000ccce0000, 0x00000000cd783890, 0x00000000ce670000)
  to   space 26176K,   0% used [0x00000000ce670000, 0x00000000ce670000, 0x00000000d0000000)
 tenured generation   total 524288K, used 211997K [0x00000000d0000000, 0x00000000f0000000, 0x00000000f0000000)
   the space 524288K,  40% used [0x00000000d0000000, 0x00000000dcf07660, 0x00000000dcf07800, 0x00000000f0000000)
 compacting perm gen  total 111808K, used 111708K [0x00000000f0000000, 0x00000000f6d30000, 0x0000000100000000)
   the space 111808K,  99% used [0x00000000f0000000, 0x00000000f6d170f0, 0x00000000f6d17200, 0x00000000f6d30000)
No shared spaces configured.
Event: 23657.041 GC heap after
Heap after GC invocations=268 (full 40):
 def new generation   total 235968K, used 11819K [0x00000000c0000000, 0x00000000d0000000, 0x00000000d0000000)
  eden space 209792K,   0% used [0x00000000c0000000, 0x00000000c0000000, 0x00000000ccce0000)
  from space 26176K,  45% used [0x00000000ce670000, 0x00000000cf1fac48, 0x00000000d0000000)
  to   space 26176K,   0% used [0x00000000ccce0000, 0x00000000ccce0000, 0x00000000ce670000)
 tenured generation   total 524288K, used 211997K [0x00000000d0000000, 0x00000000f0000000, 0x00000000f0000000)
   the space 524288K,  40% used [0x00000000d0000000, 0x00000000dcf07660, 0x00000000dcf07800, 0x00000000f0000000)
 compacting perm gen  total 111808K, used 111708K [0x00000000f0000000, 0x00000000f6d30000, 0x0000000100000000)
   the space 111808K,  99% used [0x00000000f0000000, 0x00000000f6d170f0, 0x00000000f6d17200, 0x00000000f6d30000)
No shared spaces configured.
}
Event: 23706.489 GC heap before
{Heap before GC invocations=268 (full 40):
 def new generation   total 235968K, used 221562K [0x00000000c0000000, 0x00000000d0000000, 0x00000000d0000000)
  eden space 209792K,  99% used [0x00000000c0000000, 0x00000000cccd3d50, 0x00000000ccce0000)
  from space 26176K,  45% used [0x00000000ce670000, 0x00000000cf1fac48, 0x00000000d0000000)
  to   space 26176K,   0% used [0x00000000ccce0000, 0x00000000ccce0000, 0x00000000ce670000)
 tenured generation   total 524288K, used 211997K [0x00000000d0000000, 0x00000000f0000000, 0x00000000f0000000)
   the space 524288K,  40% used [0x00000000d0000000, 0x00000000dcf07660, 0x00000000dcf07800, 0x00000000f0000000)
 compacting perm gen  total 111808K, used 111710K [0x00000000f0000000, 0x00000000f6d30000, 0x0000000100000000)
   the space 111808K,  99% used [0x00000000f0000000, 0x00000000f6d17870, 0x00000000f6d17a00, 0x00000000f6d30000)
No shared spaces configured.
Event: 23707.967 GC heap after
Heap after GC invocations=269 (full 40):
 def new generation   total 235968K, used 17837K [0x00000000c0000000, 0x00000000d0000000, 0x00000000d0000000)
  eden space 209792K,   0% used [0x00000000c0000000, 0x00000000c0000000, 0x00000000ccce0000)
  from space 26176K,  68% used [0x00000000ccce0000, 0x00000000cde4b4b8, 0x00000000ce670000)
  to   space 26176K,   0% used [0x00000000ce670000, 0x00000000ce670000, 0x00000000d0000000)
 tenured generation   total 524288K, used 211997K [0x00000000d0000000, 0x00000000f0000000, 0x00000000f0000000)
   the space 524288K,  40% used [0x00000000d0000000, 0x00000000dcf07660, 0x00000000dcf07800, 0x00000000f0000000)
 compacting perm gen  total 111808K, used 111710K [0x00000000f0000000, 0x00000000f6d30000, 0x0000000100000000)
   the space 111808K,  99% used [0x00000000f0000000, 0x00000000f6d17870, 0x00000000f6d17a00, 0x00000000f6d30000)
No shared spaces configured.
}

